0 verbose cli [
0 verbose cli   'C:\\Program Files\\nodejs\\node.exe',
0 verbose cli   'C:\\Users\\Yasser Sahli\\AppData\\Roaming\\npm\\node_modules\\npm\\bin\\npm-cli.js',
0 verbose cli   'start'
0 verbose cli ]
1 info using npm@7.6.3
2 info using node@v14.16.0
3 timing config:load:defaults Completed in 2ms
4 timing config:load:file:C:\Users\Yasser Sahli\AppData\Roaming\npm\node_modules\npm\npmrc Completed in 2ms
5 timing config:load:builtin Completed in 2ms
6 timing config:load:cli Completed in 2ms
7 timing config:load:env Completed in 1ms
8 timing config:load:file:C:\Users\Yasser Sahli\Desktop\we--link\.npmrc Completed in 0ms
9 timing config:load:project Completed in 1ms
10 timing config:load:file:C:\Users\Yasser Sahli\.npmrc Completed in 1ms
11 timing config:load:user Completed in 1ms
12 timing config:load:file:C:\Users\Yasser Sahli\AppData\Roaming\npm\etc\npmrc Completed in 1ms
13 timing config:load:global Completed in 1ms
14 timing config:load:cafile Completed in 0ms
15 timing config:load:validate Completed in 1ms
16 timing config:load:setUserAgent Completed in 1ms
17 timing config:load:setEnvs Completed in 1ms
18 timing config:load Completed in 13ms
19 verbose npm-session a49508cb3c839c9a
20 timing npm:load Completed in 24ms
21 timing command:run-script Completed in 1ms
22 timing command:start Completed in 19ms
23 verbose stack Error: ENOENT: no such file or directory, open 'C:\Users\Yasser Sahli\Desktop\we--link\package.json'
24 verbose cwd C:\Users\Yasser Sahli\Desktop\we--link
25 verbose Windows_NT 10.0.18363
26 verbose argv "C:\\Program Files\\nodejs\\node.exe" "C:\\Users\\Yasser Sahli\\AppData\\Roaming\\npm\\node_modules\\npm\\bin\\npm-cli.js" "start"
27 verbose node v14.16.0
28 verbose npm  v7.6.3
29 error code ENOENT
30 error syscall open
31 error path C:\Users\Yasser Sahli\Desktop\we--link/package.json
32 error errno -4058
33 error enoent ENOENT: no such file or directory, open 'C:\Users\Yasser Sahli\Desktop\we--link\package.json'
34 error enoent This is related to npm not being able to find a file.
35 verbose exit -4058
