0 verbose cli [
0 verbose cli   'C:\\Program Files\\nodejs\\node.exe',
0 verbose cli   'C:\\Users\\Yasser Sahli\\AppData\\Roaming\\npm\\node_modules\\npm\\bin\\npm-cli.js',
0 verbose cli   'i',
0 verbose cli   '--save',
0 verbose cli   '@fortawesome/pro-duotone-svg-icons'
0 verbose cli ]
1 info using npm@7.6.3
2 info using node@v14.16.0
3 timing config:load:defaults Completed in 2ms
4 timing config:load:file:C:\Users\Yasser Sahli\AppData\Roaming\npm\node_modules\npm\npmrc Completed in 2ms
5 timing config:load:builtin Completed in 2ms
6 timing config:load:cli Completed in 2ms
7 timing config:load:env Completed in 1ms
8 timing config:load:file:C:\Users\Yasser Sahli\Desktop\we--link\front\.npmrc Completed in 0ms
9 timing config:load:project Completed in 1ms
10 timing config:load:file:C:\Users\Yasser Sahli\.npmrc Completed in 1ms
11 timing config:load:user Completed in 1ms
12 timing config:load:file:C:\Users\Yasser Sahli\AppData\Roaming\npm\etc\npmrc Completed in 1ms
13 timing config:load:global Completed in 1ms
14 timing config:load:cafile Completed in 0ms
15 timing config:load:validate Completed in 1ms
16 timing config:load:setUserAgent Completed in 0ms
17 timing config:load:setEnvs Completed in 1ms
18 timing config:load Completed in 12ms
19 verbose npm-session c490c258aeb1fd4a
20 timing npm:load Completed in 25ms
21 timing arborist:ctor Completed in 1ms
22 timing idealTree:init Completed in 979ms
23 timing idealTree:userRequests Completed in 4ms
24 silly idealTree buildDeps
25 silly fetch manifest @fortawesome/pro-duotone-svg-icons@*
26 timing arborist:ctor Completed in 0ms
27 http fetch GET 404 https://registry.npmjs.org/@fortawesome%2fpro-duotone-svg-icons 2765ms
28 http fetch GET 404 https://registry.npmjs.org/@fortawesome%2fpro-duotone-svg-icons 1681ms
29 silly placeDep ROOT @fortawesome/pro-duotone-svg-icons@ OK for: front@0.1.0 want: *
30 timing idealTree:#root Completed in 4474ms
31 timing idealTree:node_modules/@fortawesome/pro-duotone-svg-icons Completed in 0ms
32 timing idealTree:buildDeps Completed in 4478ms
33 timing idealTree:fixDepFlags Completed in 28ms
34 timing idealTree Completed in 5491ms
35 timing command:i Completed in 5503ms
36 verbose stack Error: 404 Not Found - GET https://registry.npmjs.org/@fortawesome%2fpro-duotone-svg-icons - Not found
36 verbose stack     at C:\Users\Yasser Sahli\AppData\Roaming\npm\node_modules\npm\node_modules\npm-registry-fetch\check-response.js:123:15
36 verbose stack     at processTicksAndRejections (internal/process/task_queues.js:93:5)
36 verbose stack     at async Arborist.[nodeFromEdge] (C:\Users\Yasser Sahli\AppData\Roaming\npm\node_modules\npm\node_modules\@npmcli\arborist\lib\arborist\build-ideal-tree.js:892:19)
36 verbose stack     at async Arborist.[buildDepStep] (C:\Users\Yasser Sahli\AppData\Roaming\npm\node_modules\npm\node_modules\@npmcli\arborist\lib\arborist\build-ideal-tree.js:838:11)
36 verbose stack     at async Arborist.buildIdealTree (C:\Users\Yasser Sahli\AppData\Roaming\npm\node_modules\npm\node_modules\@npmcli\arborist\lib\arborist\build-ideal-tree.js:209:7)
36 verbose stack     at async Promise.all (index 1)
36 verbose stack     at async Arborist.reify (C:\Users\Yasser Sahli\AppData\Roaming\npm\node_modules\npm\node_modules\@npmcli\arborist\lib\arborist\reify.js:131:5)
36 verbose stack     at async Install.install (C:\Users\Yasser Sahli\AppData\Roaming\npm\node_modules\npm\lib\install.js:120:5)
37 verbose statusCode 404
38 verbose pkgid @fortawesome/pro-duotone-svg-icons@*
39 verbose cwd C:\Users\Yasser Sahli\Desktop\we--link\front
40 verbose Windows_NT 10.0.18363
41 verbose argv "C:\\Program Files\\nodejs\\node.exe" "C:\\Users\\Yasser Sahli\\AppData\\Roaming\\npm\\node_modules\\npm\\bin\\npm-cli.js" "i" "--save" "@fortawesome/pro-duotone-svg-icons"
42 verbose node v14.16.0
43 verbose npm  v7.6.3
44 error code E404
45 error 404 Not Found - GET https://registry.npmjs.org/@fortawesome%2fpro-duotone-svg-icons - Not found
46 error 404
47 error 404 '@fortawesome/pro-duotone-svg-icons@*' is not in the npm registry.
48 error 404 You should bug the author to publish it (or use the name yourself!)
49 error 404 Note that you can also install from a
50 error 404 tarball, folder, http url, or git url.
51 verbose exit 1
